/!\ FAILSAFE /!\  Wed Apr 27 21:10:33 +0100 2011
  Status: 500 Internal Server Error
  no such file to load -- mysql
    /opt/local/lib/ruby/site_ruby/1.8/rubygems/custom_require.rb:36:in `gem_original_require'
    /opt/local/lib/ruby/site_ruby/1.8/rubygems/custom_require.rb:36:in `require'
    /opt/local/lib/ruby/gems/1.8/gems/activesupport-2.3.11/lib/active_support/dependencies.rb:182:in `require'
    /opt/local/lib/ruby/gems/1.8/gems/activesupport-2.3.11/lib/active_support/dependencies.rb:547:in `new_constants_in'
    /opt/local/lib/ruby/gems/1.8/gems/activesupport-2.3.11/lib/active_support/dependencies.rb:182:in `require'
    /opt/local/lib/ruby/gems/1.8/gems/activesupport-2.3.11/lib/active_support/core_ext/kernel/requires.rb:7:in `require_library_or_gem'
    /opt/local/lib/ruby/gems/1.8/gems/activesupport-2.3.11/lib/active_support/core_ext/kernel/reporting.rb:11:in `silence_warnings'
    /opt/local/lib/ruby/gems/1.8/gems/activesupport-2.3.11/lib/active_support/core_ext/kernel/requires.rb:5:in `require_library_or_gem'
    /opt/local/lib/ruby/gems/1.8/gems/activerecord-2.3.11/lib/active_record/connection_adapters/mysql_adapter.rb:61:in `mysql_connection'
    /opt/local/lib/ruby/gems/1.8/gems/activerecord-2.3.11/lib/active_record/connection_adapters/abstract/connection_pool.rb:223:in `send'
    /opt/local/lib/ruby/gems/1.8/gems/activerecord-2.3.11/lib/active_record/connection_adapters/abstract/connection_pool.rb:223:in `new_connection'
    /opt/local/lib/ruby/gems/1.8/gems/activerecord-2.3.11/lib/active_record/connection_adapters/abstract/connection_pool.rb:245:in `checkout_new_connection'
    /opt/local/lib/ruby/gems/1.8/gems/activerecord-2.3.11/lib/active_record/connection_adapters/abstract/connection_pool.rb:188:in `checkout'
    /opt/local/lib/ruby/gems/1.8/gems/activerecord-2.3.11/lib/active_record/connection_adapters/abstract/connection_pool.rb:184:in `loop'
    /opt/local/lib/ruby/gems/1.8/gems/activerecord-2.3.11/lib/active_record/connection_adapters/abstract/connection_pool.rb:184:in `checkout'
    /opt/local/lib/ruby/1.8/monitor.rb:242:in `synchronize'
    /opt/local/lib/ruby/gems/1.8/gems/activerecord-2.3.11/lib/active_record/connection_adapters/abstract/connection_pool.rb:183:in `checkout'
    /opt/local/lib/ruby/gems/1.8/gems/activerecord-2.3.11/lib/active_record/connection_adapters/abstract/connection_pool.rb:98:in `connection'
    /opt/local/lib/ruby/gems/1.8/gems/activerecord-2.3.11/lib/active_record/connection_adapters/abstract/connection_pool.rb:326:in `retrieve_connection'
    /opt/local/lib/ruby/gems/1.8/gems/activerecord-2.3.11/lib/active_record/connection_adapters/abstract/connection_specification.rb:123:in `retrieve_connection'
    /opt/local/lib/ruby/gems/1.8/gems/activerecord-2.3.11/lib/active_record/connection_adapters/abstract/connection_specification.rb:115:in `connection'
    /opt/local/lib/ruby/gems/1.8/gems/activerecord-2.3.11/lib/active_record/query_cache.rb:9:in `cache'
    /opt/local/lib/ruby/gems/1.8/gems/activerecord-2.3.11/lib/active_record/query_cache.rb:28:in `call'
    /opt/local/lib/ruby/gems/1.8/gems/activerecord-2.3.11/lib/active_record/connection_adapters/abstract/connection_pool.rb:361:in `call'
    /opt/local/lib/ruby/gems/1.8/gems/actionpack-2.3.11/lib/action_controller/string_coercion.rb:25:in `call'
    /opt/local/lib/ruby/gems/1.8/gems/rack-1.1.2/lib/rack/head.rb:9:in `call'
    /opt/local/lib/ruby/gems/1.8/gems/rack-1.1.2/lib/rack/methodoverride.rb:24:in `call'
    /opt/local/lib/ruby/gems/1.8/gems/actionpack-2.3.11/lib/action_controller/params_parser.rb:15:in `call'
    /opt/local/lib/ruby/gems/1.8/gems/actionpack-2.3.11/lib/action_controller/session/cookie_store.rb:99:in `call'
    /opt/local/lib/ruby/gems/1.8/gems/actionpack-2.3.11/lib/action_controller/failsafe.rb:26:in `call'
    /opt/local/lib/ruby/gems/1.8/gems/rack-1.1.2/lib/rack/lock.rb:11:in `call'
    /opt/local/lib/ruby/gems/1.8/gems/rack-1.1.2/lib/rack/lock.rb:11:in `synchronize'
    /opt/local/lib/ruby/gems/1.8/gems/rack-1.1.2/lib/rack/lock.rb:11:in `call'
    /opt/local/lib/ruby/gems/1.8/gems/actionpack-2.3.11/lib/action_controller/dispatcher.rb:114:in `call'
    /opt/local/lib/ruby/gems/1.8/gems/actionpack-2.3.11/lib/action_controller/reloader.rb:34:in `run'
    /opt/local/lib/ruby/gems/1.8/gems/actionpack-2.3.11/lib/action_controller/dispatcher.rb:108:in `call'
    /opt/local/lib/ruby/gems/1.8/gems/rails-2.3.11/lib/rails/rack/static.rb:31:in `call'
    /opt/local/lib/ruby/gems/1.8/gems/rack-1.1.2/lib/rack/urlmap.rb:47:in `call'
    /opt/local/lib/ruby/gems/1.8/gems/rack-1.1.2/lib/rack/urlmap.rb:41:in `each'
    /opt/local/lib/ruby/gems/1.8/gems/rack-1.1.2/lib/rack/urlmap.rb:41:in `call'
    /opt/local/lib/ruby/gems/1.8/gems/rails-2.3.11/lib/rails/rack/log_tailer.rb:17:in `call'
    /opt/local/lib/ruby/gems/1.8/gems/rack-1.1.2/lib/rack/content_length.rb:13:in `call'
    /opt/local/lib/ruby/gems/1.8/gems/rack-1.1.2/lib/rack/handler/webrick.rb:48:in `service'
    /opt/local/lib/ruby/1.8/webrick/httpserver.rb:104:in `service'
    /opt/local/lib/ruby/1.8/webrick/httpserver.rb:65:in `run'
    /opt/local/lib/ruby/1.8/webrick/server.rb:173:in `start_thread'
    /opt/local/lib/ruby/1.8/webrick/server.rb:162:in `start'
    /opt/local/lib/ruby/1.8/webrick/server.rb:162:in `start_thread'
    /opt/local/lib/ruby/1.8/webrick/server.rb:95:in `start'
    /opt/local/lib/ruby/1.8/webrick/server.rb:92:in `each'
    /opt/local/lib/ruby/1.8/webrick/server.rb:92:in `start'
    /opt/local/lib/ruby/1.8/webrick/server.rb:23:in `start'
    /opt/local/lib/ruby/1.8/webrick/server.rb:82:in `start'
    /opt/local/lib/ruby/gems/1.8/gems/rack-1.1.2/lib/rack/handler/webrick.rb:14:in `run'
    /opt/local/lib/ruby/gems/1.8/gems/rails-2.3.11/lib/commands/server.rb:111
    /opt/local/lib/ruby/site_ruby/1.8/rubygems/custom_require.rb:36:in `gem_original_require'
    /opt/local/lib/ruby/site_ruby/1.8/rubygems/custom_require.rb:36:in `require'
    script/server:3
/!\ FAILSAFE /!\  Wed Apr 27 21:15:06 +0100 2011
  Status: 500 Internal Server Error
  uninitialized constant MysqlCompat::MysqlRes
    /opt/local/lib/ruby/gems/1.8/gems/activesupport-2.3.11/lib/active_support/dependencies.rb:466:in `load_missing_constant'
    /opt/local/lib/ruby/gems/1.8/gems/activesupport-2.3.11/lib/active_support/dependencies.rb:106:in `const_missing'
    /opt/local/lib/ruby/gems/1.8/gems/activerecord-2.3.11/lib/active_record/connection_adapters/mysql_adapter.rb:9:in `define_all_hashes_method!'
    /opt/local/lib/ruby/gems/1.8/gems/activerecord-2.3.11/lib/active_record/connection_adapters/mysql_adapter.rb:68:in `mysql_connection'
    /opt/local/lib/ruby/gems/1.8/gems/activerecord-2.3.11/lib/active_record/connection_adapters/abstract/connection_pool.rb:223:in `send'
    /opt/local/lib/ruby/gems/1.8/gems/activerecord-2.3.11/lib/active_record/connection_adapters/abstract/connection_pool.rb:223:in `new_connection'
    /opt/local/lib/ruby/gems/1.8/gems/activerecord-2.3.11/lib/active_record/connection_adapters/abstract/connection_pool.rb:245:in `checkout_new_connection'
    /opt/local/lib/ruby/gems/1.8/gems/activerecord-2.3.11/lib/active_record/connection_adapters/abstract/connection_pool.rb:188:in `checkout'
    /opt/local/lib/ruby/gems/1.8/gems/activerecord-2.3.11/lib/active_record/connection_adapters/abstract/connection_pool.rb:184:in `loop'
    /opt/local/lib/ruby/gems/1.8/gems/activerecord-2.3.11/lib/active_record/connection_adapters/abstract/connection_pool.rb:184:in `checkout'
    /opt/local/lib/ruby/1.8/monitor.rb:242:in `synchronize'
    /opt/local/lib/ruby/gems/1.8/gems/activerecord-2.3.11/lib/active_record/connection_adapters/abstract/connection_pool.rb:183:in `checkout'
    /opt/local/lib/ruby/gems/1.8/gems/activerecord-2.3.11/lib/active_record/connection_adapters/abstract/connection_pool.rb:98:in `connection'
    /opt/local/lib/ruby/gems/1.8/gems/activerecord-2.3.11/lib/active_record/connection_adapters/abstract/connection_pool.rb:326:in `retrieve_connection'
    /opt/local/lib/ruby/gems/1.8/gems/activerecord-2.3.11/lib/active_record/connection_adapters/abstract/connection_specification.rb:123:in `retrieve_connection'
    /opt/local/lib/ruby/gems/1.8/gems/activerecord-2.3.11/lib/active_record/connection_adapters/abstract/connection_specification.rb:115:in `connection'
    /opt/local/lib/ruby/gems/1.8/gems/activerecord-2.3.11/lib/active_record/query_cache.rb:9:in `cache'
    /opt/local/lib/ruby/gems/1.8/gems/activerecord-2.3.11/lib/active_record/query_cache.rb:28:in `call'
    /opt/local/lib/ruby/gems/1.8/gems/activerecord-2.3.11/lib/active_record/connection_adapters/abstract/connection_pool.rb:361:in `call'
    /opt/local/lib/ruby/gems/1.8/gems/actionpack-2.3.11/lib/action_controller/string_coercion.rb:25:in `call'
    /opt/local/lib/ruby/gems/1.8/gems/rack-1.1.2/lib/rack/head.rb:9:in `call'
    /opt/local/lib/ruby/gems/1.8/gems/rack-1.1.2/lib/rack/methodoverride.rb:24:in `call'
    /opt/local/lib/ruby/gems/1.8/gems/actionpack-2.3.11/lib/action_controller/params_parser.rb:15:in `call'
    /opt/local/lib/ruby/gems/1.8/gems/actionpack-2.3.11/lib/action_controller/session/cookie_store.rb:99:in `call'
    /opt/local/lib/ruby/gems/1.8/gems/actionpack-2.3.11/lib/action_controller/failsafe.rb:26:in `call'
    /opt/local/lib/ruby/gems/1.8/gems/rack-1.1.2/lib/rack/lock.rb:11:in `call'
    /opt/local/lib/ruby/gems/1.8/gems/rack-1.1.2/lib/rack/lock.rb:11:in `synchronize'
    /opt/local/lib/ruby/gems/1.8/gems/rack-1.1.2/lib/rack/lock.rb:11:in `call'
    /opt/local/lib/ruby/gems/1.8/gems/actionpack-2.3.11/lib/action_controller/dispatcher.rb:114:in `call'
    /opt/local/lib/ruby/gems/1.8/gems/actionpack-2.3.11/lib/action_controller/reloader.rb:34:in `run'
    /opt/local/lib/ruby/gems/1.8/gems/actionpack-2.3.11/lib/action_controller/dispatcher.rb:108:in `call'
    /opt/local/lib/ruby/gems/1.8/gems/rails-2.3.11/lib/rails/rack/static.rb:31:in `call'
    /opt/local/lib/ruby/gems/1.8/gems/rack-1.1.2/lib/rack/urlmap.rb:47:in `call'
    /opt/local/lib/ruby/gems/1.8/gems/rack-1.1.2/lib/rack/urlmap.rb:41:in `each'
    /opt/local/lib/ruby/gems/1.8/gems/rack-1.1.2/lib/rack/urlmap.rb:41:in `call'
    /opt/local/lib/ruby/gems/1.8/gems/rails-2.3.11/lib/rails/rack/log_tailer.rb:17:in `call'
    /opt/local/lib/ruby/gems/1.8/gems/rack-1.1.2/lib/rack/content_length.rb:13:in `call'
    /opt/local/lib/ruby/gems/1.8/gems/rack-1.1.2/lib/rack/handler/webrick.rb:48:in `service'
    /opt/local/lib/ruby/1.8/webrick/httpserver.rb:104:in `service'
    /opt/local/lib/ruby/1.8/webrick/httpserver.rb:65:in `run'
    /opt/local/lib/ruby/1.8/webrick/server.rb:173:in `start_thread'
    /opt/local/lib/ruby/1.8/webrick/server.rb:162:in `start'
    /opt/local/lib/ruby/1.8/webrick/server.rb:162:in `start_thread'
    /opt/local/lib/ruby/1.8/webrick/server.rb:95:in `start'
    /opt/local/lib/ruby/1.8/webrick/server.rb:92:in `each'
    /opt/local/lib/ruby/1.8/webrick/server.rb:92:in `start'
    /opt/local/lib/ruby/1.8/webrick/server.rb:23:in `start'
    /opt/local/lib/ruby/1.8/webrick/server.rb:82:in `start'
    /opt/local/lib/ruby/gems/1.8/gems/rack-1.1.2/lib/rack/handler/webrick.rb:14:in `run'
    /opt/local/lib/ruby/gems/1.8/gems/rails-2.3.11/lib/commands/server.rb:111
    /opt/local/lib/ruby/site_ruby/1.8/rubygems/custom_require.rb:36:in `gem_original_require'
    /opt/local/lib/ruby/site_ruby/1.8/rubygems/custom_require.rb:36:in `require'
    script/server:3
  [4;36;1mSQL (0.1ms)[0m   [0;1mSET NAMES 'utf8'[0m
  [4;35;1mSQL (0.2ms)[0m   [0mSET SQL_AUTO_IS_NULL=0[0m
  [4;36;1mSQL (29.2ms)[0m   [0;1mSHOW TABLES[0m
  [4;35;1mSQL (1607.8ms)[0m   [0mCREATE TABLE `schema_migrations` (`version` varchar(255) NOT NULL) ENGINE=InnoDB[0m
  [4;36;1mSQL (1.5ms)[0m   [0;1mSHOW KEYS FROM `schema_migrations`[0m
  [4;35;1mSQL (747.4ms)[0m   [0mCREATE UNIQUE INDEX `unique_schema_migrations` ON `schema_migrations` (`version`)[0m
  [4;36;1mSQL (0.4ms)[0m   [0;1mSHOW TABLES[0m
  [4;35;1mSQL (0.2ms)[0m   [0mSELECT version FROM schema_migrations[0m
Migrating to CreateFestivals (20110427192450)
  [4;36;1mSQL (258.5ms)[0m   [0;1mCREATE TABLE `festivals` (`id` int(11) DEFAULT NULL auto_increment PRIMARY KEY, `name` varchar(255), `start_date` datetime, `end_date` datetime, `score` float, `created_at` datetime, `updated_at` datetime) ENGINE=InnoDB[0m
  [4;35;1mSQL (45.2ms)[0m   [0mINSERT INTO schema_migrations (version) VALUES ('20110427192450')[0m
Migrating to CreateVenues (20110427193327)
  [4;36;1mSQL (273.9ms)[0m   [0;1mCREATE TABLE `venues` (`id` int(11) DEFAULT NULL auto_increment PRIMARY KEY, `name` varchar(255), `festival_id` int(11), `address` varchar(255), `score` float, `created_at` datetime, `updated_at` datetime) ENGINE=InnoDB[0m
  [4;35;1mSQL (34.5ms)[0m   [0mINSERT INTO schema_migrations (version) VALUES ('20110427193327')[0m
Migrating to CreateShows (20110427193758)
  [4;36;1mSQL (350.7ms)[0m   [0;1mCREATE TABLE `shows` (`id` int(11) DEFAULT NULL auto_increment PRIMARY KEY, `festival_id` int(11), `venue_id` int(11), `name` varchar(255), `start_date` datetime, `end_date` datetime, `score` float, `created_at` datetime, `updated_at` datetime) ENGINE=InnoDB[0m
  [4;35;1mSQL (38.9ms)[0m   [0mINSERT INTO schema_migrations (version) VALUES ('20110427193758')[0m
Migrating to CreateEvents (20110427202106)
  [4;36;1mSQL (445.5ms)[0m   [0;1mCREATE TABLE `events` (`id` int(11) DEFAULT NULL auto_increment PRIMARY KEY, `show_id` int(11), `venue_id` int(11), `festval_id` int(11), `score` float, `start_time` datetime, `end_time` datetime, `created_at` datetime, `updated_at` datetime) ENGINE=InnoDB[0m
  [4;35;1mSQL (42.6ms)[0m   [0mINSERT INTO schema_migrations (version) VALUES ('20110427202106')[0m
  [4;36;1mSQL (0.7ms)[0m   [0;1mSHOW TABLES[0m
  [4;35;1mSQL (0.2ms)[0m   [0mSELECT version FROM schema_migrations[0m
  [4;36;1mSQL (0.3ms)[0m   [0;1mSHOW TABLES[0m
  [4;35;1mSQL (10.9ms)[0m   [0mSHOW FIELDS FROM `events`[0m
  [4;36;1mSQL (24.5ms)[0m   [0;1mdescribe `events`[0m
  [4;35;1mSQL (50.0ms)[0m   [0mSHOW KEYS FROM `events`[0m
  [4;36;1mSQL (42.1ms)[0m   [0;1mSHOW FIELDS FROM `festivals`[0m
  [4;35;1mSQL (2.0ms)[0m   [0mdescribe `festivals`[0m
  [4;36;1mSQL (0.3ms)[0m   [0;1mSHOW KEYS FROM `festivals`[0m
  [4;35;1mSQL (2.4ms)[0m   [0mSHOW FIELDS FROM `shows`[0m
  [4;36;1mSQL (5.4ms)[0m   [0;1mdescribe `shows`[0m
  [4;35;1mSQL (0.4ms)[0m   [0mSHOW KEYS FROM `shows`[0m
  [4;36;1mSQL (2.2ms)[0m   [0;1mSHOW FIELDS FROM `venues`[0m
  [4;35;1mSQL (2.1ms)[0m   [0mdescribe `venues`[0m
  [4;36;1mSQL (0.4ms)[0m   [0;1mSHOW KEYS FROM `venues`[0m
  [4;36;1mSQL (0.2ms)[0m   [0;1mSET NAMES 'utf8'[0m
  [4;35;1mSQL (0.1ms)[0m   [0mSET SQL_AUTO_IS_NULL=0[0m


Processing ApplicationController#index (for 127.0.0.1 at 2011-04-27 22:16:25) [GET]

ActionController::RoutingError (No route matches "/events" with {:method=>:get}):
  /opt/local/lib/ruby/1.8/webrick/httpserver.rb:104:in `service'
  /opt/local/lib/ruby/1.8/webrick/httpserver.rb:65:in `run'
  /opt/local/lib/ruby/1.8/webrick/server.rb:173:in `start_thread'
  /opt/local/lib/ruby/1.8/webrick/server.rb:162:in `start'
  /opt/local/lib/ruby/1.8/webrick/server.rb:162:in `start_thread'
  /opt/local/lib/ruby/1.8/webrick/server.rb:95:in `start'
  /opt/local/lib/ruby/1.8/webrick/server.rb:92:in `each'
  /opt/local/lib/ruby/1.8/webrick/server.rb:92:in `start'
  /opt/local/lib/ruby/1.8/webrick/server.rb:23:in `start'
  /opt/local/lib/ruby/1.8/webrick/server.rb:82:in `start'

Rendering rescues/layout (not_found)
  [4;36;1mSQL (632.4ms)[0m   [0;1mSET NAMES 'utf8'[0m
  [4;35;1mSQL (187.5ms)[0m   [0mSET SQL_AUTO_IS_NULL=0[0m


Processing ApplicationController#index (for 127.0.0.1 at 2011-04-29 11:29:49) [GET]

ActionController::RoutingError (No route matches "/events" with {:method=>:get}):
  /opt/local/lib/ruby/1.8/webrick/httpserver.rb:104:in `service'
  /opt/local/lib/ruby/1.8/webrick/httpserver.rb:65:in `run'
  /opt/local/lib/ruby/1.8/webrick/server.rb:173:in `start_thread'
  /opt/local/lib/ruby/1.8/webrick/server.rb:162:in `start'
  /opt/local/lib/ruby/1.8/webrick/server.rb:162:in `start_thread'
  /opt/local/lib/ruby/1.8/webrick/server.rb:95:in `start'
  /opt/local/lib/ruby/1.8/webrick/server.rb:92:in `each'
  /opt/local/lib/ruby/1.8/webrick/server.rb:92:in `start'
  /opt/local/lib/ruby/1.8/webrick/server.rb:23:in `start'
  /opt/local/lib/ruby/1.8/webrick/server.rb:82:in `start'

Rendering rescues/layout (not_found)
  [4;36;1mSQL (10.3ms)[0m   [0;1mSET NAMES 'utf8'[0m
  [4;35;1mSQL (0.1ms)[0m   [0mSET SQL_AUTO_IS_NULL=0[0m


Processing EventsController#index (for 127.0.0.1 at 2011-04-29 11:44:39) [GET]
  [4;36;1mEvent Load (918.5ms)[0m   [0;1mSELECT * FROM `events` [0m
Rendering template within layouts/events
Rendering events/index
Completed in 3757ms (View: 1857, DB: 929) | 200 OK [http://localhost/events]
  [4;35;1mSQL (0.2ms)[0m   [0mSET NAMES 'utf8'[0m
  [4;36;1mSQL (0.2ms)[0m   [0;1mSET SQL_AUTO_IS_NULL=0[0m


Processing EventsController#new (for 127.0.0.1 at 2011-04-29 11:44:51) [GET]
  [4;35;1mEvent Columns (386.6ms)[0m   [0mSHOW FIELDS FROM `events`[0m
Rendering template within layouts/events
Rendering events/new
Completed in 1151ms (View: 670, DB: 387) | 200 OK [http://localhost/events/new]
  [4;36;1mSQL (0.1ms)[0m   [0;1mSET NAMES 'utf8'[0m
  [4;35;1mSQL (0.1ms)[0m   [0mSET SQL_AUTO_IS_NULL=0[0m


Processing EventsController#index (for 127.0.0.1 at 2011-04-29 11:44:54) [GET]
  [4;36;1mEvent Load (44.8ms)[0m   [0;1mSELECT * FROM `events` [0m
Rendering template within layouts/events
Rendering events/index
Completed in 161ms (View: 16, DB: 45) | 200 OK [http://localhost/events]
  [4;35;1mSQL (0.1ms)[0m   [0mSET NAMES 'utf8'[0m
  [4;36;1mSQL (0.1ms)[0m   [0;1mSET SQL_AUTO_IS_NULL=0[0m


Processing EventsController#index (for 127.0.0.1 at 2011-04-29 12:01:07) [GET]
  [4;35;1mEvent Load (0.3ms)[0m   [0mSELECT * FROM `events` [0m
Rendering template within layouts/events
Rendering events/index
Completed in 13ms (View: 9, DB: 1) | 200 OK [http://localhost/events]
  [4;36;1mSQL (0.1ms)[0m   [0;1mSET NAMES 'utf8'[0m
  [4;35;1mSQL (0.1ms)[0m   [0mSET SQL_AUTO_IS_NULL=0[0m


Processing EventsController#new (for 127.0.0.1 at 2011-04-29 12:01:12) [GET]
  [4;36;1mEvent Columns (94.1ms)[0m   [0;1mSHOW FIELDS FROM `events`[0m
Rendering template within layouts/events
Rendering events/new

ActionView::TemplateError (undefined method `name' for #<Event:0x1046cfca0>) on line #8 of app/views/events/new.html.erb:
5: 
6:   <p>
7:     <%= f.label :name %><br />
8:     <%= f.text_field :name %>
9:   </p>
10:   <p>
11:     <%= f.label :festival_id %><br />

    app/views/events/new.html.erb:8
    app/views/events/new.html.erb:3
    app/controllers/events_controller.rb:29:in `new'
    /opt/local/lib/ruby/1.8/webrick/httpserver.rb:104:in `service'
    /opt/local/lib/ruby/1.8/webrick/httpserver.rb:65:in `run'
    /opt/local/lib/ruby/1.8/webrick/server.rb:173:in `start_thread'
    /opt/local/lib/ruby/1.8/webrick/server.rb:162:in `start'
    /opt/local/lib/ruby/1.8/webrick/server.rb:162:in `start_thread'
    /opt/local/lib/ruby/1.8/webrick/server.rb:95:in `start'
    /opt/local/lib/ruby/1.8/webrick/server.rb:92:in `each'
    /opt/local/lib/ruby/1.8/webrick/server.rb:92:in `start'
    /opt/local/lib/ruby/1.8/webrick/server.rb:23:in `start'
    /opt/local/lib/ruby/1.8/webrick/server.rb:82:in `start'

Rendered rescues/_trace (116.5ms)
Rendered rescues/_request_and_response (22.7ms)
Rendering rescues/layout (internal_server_error)
  [4;36;1mSQL (0.2ms)[0m   [0;1mSET NAMES 'utf8'[0m
  [4;35;1mSQL (0.1ms)[0m   [0mSET SQL_AUTO_IS_NULL=0[0m
  [4;36;1mSQL (219.7ms)[0m   [0;1mSHOW TABLES[0m
  [4;35;1mSQL (137.6ms)[0m   [0mSELECT version FROM schema_migrations[0m
Migrating to CreateFestivals (20110427192450)
Migrating to CreateVenues (20110427193327)
Migrating to CreateShows (20110427193758)
Migrating to CreateEvents (20110429105619)
  [4;36;1mSQL (0.0ms)[0m   [0;1mMysql::Error: Table 'events' already exists: CREATE TABLE `events` (`id` int(11) DEFAULT NULL auto_increment PRIMARY KEY, `name` varchar(255), `festival_id` int(11), `show_id` int(11), `venue_id` int(11), `score` float, `created_at` datetime, `updated_at` datetime) ENGINE=InnoDB[0m
  [4;35;1mSQL (0.1ms)[0m   [0mSET NAMES 'utf8'[0m
  [4;36;1mSQL (0.1ms)[0m   [0;1mSET SQL_AUTO_IS_NULL=0[0m


Processing EventsController#new (for 127.0.0.1 at 2011-04-29 12:02:05) [GET]
  [4;35;1mEvent Columns (32.9ms)[0m   [0mSHOW FIELDS FROM `events`[0m
Rendering template within layouts/events
Rendering events/new

ActionView::TemplateError (undefined method `name' for #<Event:0x1047791b0>) on line #8 of app/views/events/new.html.erb:
5: 
6:   <p>
7:     <%= f.label :name %><br />
8:     <%= f.text_field :name %>
9:   </p>
10:   <p>
11:     <%= f.label :festival_id %><br />

    app/views/events/new.html.erb:8
    app/views/events/new.html.erb:3
    app/controllers/events_controller.rb:29:in `new'
    /opt/local/lib/ruby/1.8/webrick/httpserver.rb:104:in `service'
    /opt/local/lib/ruby/1.8/webrick/httpserver.rb:65:in `run'
    /opt/local/lib/ruby/1.8/webrick/server.rb:173:in `start_thread'
    /opt/local/lib/ruby/1.8/webrick/server.rb:162:in `start'
    /opt/local/lib/ruby/1.8/webrick/server.rb:162:in `start_thread'
    /opt/local/lib/ruby/1.8/webrick/server.rb:95:in `start'
    /opt/local/lib/ruby/1.8/webrick/server.rb:92:in `each'
    /opt/local/lib/ruby/1.8/webrick/server.rb:92:in `start'
    /opt/local/lib/ruby/1.8/webrick/server.rb:23:in `start'
    /opt/local/lib/ruby/1.8/webrick/server.rb:82:in `start'

Rendered rescues/_trace (46.5ms)
Rendered rescues/_request_and_response (0.3ms)
Rendering rescues/layout (internal_server_error)
  [4;36;1mSQL (0.1ms)[0m   [0;1mSET NAMES 'utf8'[0m
  [4;35;1mSQL (0.1ms)[0m   [0mSET SQL_AUTO_IS_NULL=0[0m
  [4;36;1mSQL (24.4ms)[0m   [0;1mSHOW TABLES[0m
  [4;35;1mSQL (0.2ms)[0m   [0mSELECT version FROM schema_migrations[0m
Migrating to CreateFestivals (20110427192450)
Migrating to CreateVenues (20110427193327)
Migrating to CreateShows (20110427193758)
Migrating to CreateEvents (20110429105619)
  [4;36;1mSQL (0.1ms)[0m   [0;1mSET NAMES 'utf8'[0m
  [4;35;1mSQL (0.1ms)[0m   [0mSET SQL_AUTO_IS_NULL=0[0m
  [4;36;1mSQL (0.4ms)[0m   [0;1mSHOW TABLES[0m
  [4;35;1mSQL (0.3ms)[0m   [0mSELECT version FROM schema_migrations[0m
Migrating to CreateFestivals (20110427192450)
Migrating to CreateVenues (20110427193327)
Migrating to CreateShows (20110427193758)
Migrating to CreateEvents (20110429105619)
  [4;36;1mSQL (0.5ms)[0m   [0;1mSHOW TABLES[0m
  [4;35;1mSQL (612.6ms)[0m   [0mDROP TABLE `events`[0m
  [4;36;1mSQL (249.9ms)[0m   [0;1mCREATE TABLE `events` (`id` int(11) DEFAULT NULL auto_increment PRIMARY KEY, `name` varchar(255), `festival_id` int(11), `show_id` int(11), `venue_id` int(11), `score` float, `created_at` datetime, `updated_at` datetime) ENGINE=InnoDB[0m
  [4;35;1mSQL (65.8ms)[0m   [0mINSERT INTO schema_migrations (version) VALUES ('20110429105619')[0m
  [4;36;1mSQL (1.1ms)[0m   [0;1mSHOW TABLES[0m
  [4;35;1mSQL (0.2ms)[0m   [0mSELECT version FROM schema_migrations[0m
  [4;36;1mSQL (0.3ms)[0m   [0;1mSHOW TABLES[0m
  [4;35;1mSQL (2.8ms)[0m   [0mSHOW FIELDS FROM `events`[0m
  [4;36;1mSQL (29.9ms)[0m   [0;1mdescribe `events`[0m
  [4;35;1mSQL (47.2ms)[0m   [0mSHOW KEYS FROM `events`[0m
  [4;36;1mSQL (2.1ms)[0m   [0;1mSHOW FIELDS FROM `festivals`[0m
  [4;35;1mSQL (2.2ms)[0m   [0mdescribe `festivals`[0m
  [4;36;1mSQL (0.4ms)[0m   [0;1mSHOW KEYS FROM `festivals`[0m
  [4;35;1mSQL (2.0ms)[0m   [0mSHOW FIELDS FROM `shows`[0m
  [4;36;1mSQL (2.3ms)[0m   [0;1mdescribe `shows`[0m
  [4;35;1mSQL (0.3ms)[0m   [0mSHOW KEYS FROM `shows`[0m
  [4;36;1mSQL (1.8ms)[0m   [0;1mSHOW FIELDS FROM `venues`[0m
  [4;35;1mSQL (2.3ms)[0m   [0mdescribe `venues`[0m
  [4;36;1mSQL (0.3ms)[0m   [0;1mSHOW KEYS FROM `venues`[0m
  [4;36;1mSQL (0.2ms)[0m   [0;1mSET NAMES 'utf8'[0m
  [4;35;1mSQL (0.1ms)[0m   [0mSET SQL_AUTO_IS_NULL=0[0m


Processing EventsController#new (for 127.0.0.1 at 2011-04-29 12:06:15) [GET]
  [4;36;1mEvent Columns (2.4ms)[0m   [0;1mSHOW FIELDS FROM `events`[0m
Rendering template within layouts/events
Rendering events/new
Completed in 29ms (View: 9, DB: 3) | 200 OK [http://localhost/events/new]
  [4;35;1mSQL (0.1ms)[0m   [0mSET NAMES 'utf8'[0m
  [4;36;1mSQL (0.1ms)[0m   [0;1mSET SQL_AUTO_IS_NULL=0[0m


Processing ApplicationController#index (for 127.0.0.1 at 2011-04-29 12:19:40) [GET]

ActionController::RoutingError (No route matches "/" with {:method=>:get}):
  /opt/local/lib/ruby/1.8/webrick/httpserver.rb:104:in `service'
  /opt/local/lib/ruby/1.8/webrick/httpserver.rb:65:in `run'
  /opt/local/lib/ruby/1.8/webrick/server.rb:173:in `start_thread'
  /opt/local/lib/ruby/1.8/webrick/server.rb:162:in `start'
  /opt/local/lib/ruby/1.8/webrick/server.rb:162:in `start_thread'
  /opt/local/lib/ruby/1.8/webrick/server.rb:95:in `start'
  /opt/local/lib/ruby/1.8/webrick/server.rb:92:in `each'
  /opt/local/lib/ruby/1.8/webrick/server.rb:92:in `start'
  /opt/local/lib/ruby/1.8/webrick/server.rb:23:in `start'
  /opt/local/lib/ruby/1.8/webrick/server.rb:82:in `start'

Rendering rescues/layout (not_found)
  [4;36;1mSQL (0.2ms)[0m   [0;1mSET NAMES 'utf8'[0m
  [4;35;1mSQL (0.1ms)[0m   [0mSET SQL_AUTO_IS_NULL=0[0m


Processing ApplicationController#index (for 127.0.0.1 at 2011-04-29 12:20:05) [GET]

ActionController::RoutingError (No route matches "/" with {:method=>:get}):
  /opt/local/lib/ruby/1.8/webrick/httpserver.rb:104:in `service'
  /opt/local/lib/ruby/1.8/webrick/httpserver.rb:65:in `run'
  /opt/local/lib/ruby/1.8/webrick/server.rb:173:in `start_thread'
  /opt/local/lib/ruby/1.8/webrick/server.rb:162:in `start'
  /opt/local/lib/ruby/1.8/webrick/server.rb:162:in `start_thread'
  /opt/local/lib/ruby/1.8/webrick/server.rb:95:in `start'
  /opt/local/lib/ruby/1.8/webrick/server.rb:92:in `each'
  /opt/local/lib/ruby/1.8/webrick/server.rb:92:in `start'
  /opt/local/lib/ruby/1.8/webrick/server.rb:23:in `start'
  /opt/local/lib/ruby/1.8/webrick/server.rb:82:in `start'

Rendering rescues/layout (not_found)
  [4;36;1mSQL (0.1ms)[0m   [0;1mSET NAMES 'utf8'[0m
  [4;35;1mSQL (0.1ms)[0m   [0mSET SQL_AUTO_IS_NULL=0[0m


Processing HomeController#index (for 127.0.0.1 at 2011-04-29 12:21:04) [GET]
Rendering home/index
Completed in 10ms (View: 8, DB: 0) | 200 OK [http://localhost/]
  [4;36;1mSQL (0.1ms)[0m   [0;1mSET NAMES 'utf8'[0m
  [4;35;1mSQL (0.1ms)[0m   [0mSET SQL_AUTO_IS_NULL=0[0m


Processing HomeController#index (for 127.0.0.1 at 2011-04-29 12:21:42) [GET]
Rendering home/index
Completed in 76ms (View: 75, DB: 0) | 200 OK [http://localhost/]
  [4;36;1mSQL (0.1ms)[0m   [0;1mSET NAMES 'utf8'[0m
  [4;35;1mSQL (0.1ms)[0m   [0mSET SQL_AUTO_IS_NULL=0[0m


Processing FestivalsController#index (for 127.0.0.1 at 2011-04-29 12:21:44) [GET]
  [4;36;1mFestival Load (0.4ms)[0m   [0;1mSELECT * FROM `festivals` [0m
Rendering template within layouts/festivals
Rendering festivals/index
Completed in 46ms (View: 10, DB: 1) | 200 OK [http://localhost/festivals]
  [4;35;1mSQL (0.1ms)[0m   [0mSET NAMES 'utf8'[0m
  [4;36;1mSQL (0.1ms)[0m   [0;1mSET SQL_AUTO_IS_NULL=0[0m


Processing VenuesController#index (for 127.0.0.1 at 2011-04-29 12:21:46) [GET]
  [4;35;1mVenue Load (0.3ms)[0m   [0mSELECT * FROM `venues` [0m
Rendering template within layouts/venues
Rendering venues/index
Completed in 44ms (View: 12, DB: 1) | 200 OK [http://localhost/venues]
  [4;36;1mSQL (0.1ms)[0m   [0;1mSET NAMES 'utf8'[0m
  [4;35;1mSQL (0.1ms)[0m   [0mSET SQL_AUTO_IS_NULL=0[0m


Processing ShowsController#index (for 127.0.0.1 at 2011-04-29 12:21:50) [GET]
  [4;36;1mShow Load (0.4ms)[0m   [0;1mSELECT * FROM `shows` [0m
Rendering template within layouts/shows
Rendering shows/index
Completed in 19ms (View: 13, DB: 1) | 200 OK [http://localhost/shows]
  [4;35;1mSQL (0.1ms)[0m   [0mSET NAMES 'utf8'[0m
  [4;36;1mSQL (0.1ms)[0m   [0;1mSET SQL_AUTO_IS_NULL=0[0m


Processing EventsController#index (for 127.0.0.1 at 2011-04-29 12:21:53) [GET]
  [4;35;1mEvent Load (17.6ms)[0m   [0mSELECT * FROM `events` [0m
Rendering template within layouts/events
Rendering events/index
Completed in 33ms (View: 11, DB: 18) | 200 OK [http://localhost/events]
  [4;36;1mSQL (154.1ms)[0m   [0;1mSET NAMES 'utf8'[0m
  [4;35;1mSQL (41.3ms)[0m   [0mSET SQL_AUTO_IS_NULL=0[0m


Processing FestivalsController#index (for 127.0.0.1 at 2011-05-06 23:29:45) [GET]
  [4;36;1mFestival Load (348.4ms)[0m   [0;1mSELECT * FROM `festivals` [0m
Rendering template within layouts/festivals
Rendering festivals/index
Completed in 701ms (View: 218, DB: 544) | 200 OK [http://localhost/festivals]
  [4;35;1mSQL (54.8ms)[0m   [0mSET NAMES 'utf8'[0m
  [4;36;1mSQL (0.1ms)[0m   [0;1mSET SQL_AUTO_IS_NULL=0[0m


Processing FestivalsController#new (for 127.0.0.1 at 2011-05-06 23:30:48) [GET]
  [4;35;1mFestival Columns (292.6ms)[0m   [0mSHOW FIELDS FROM `festivals`[0m
Rendering template within layouts/festivals
Rendering festivals/new
Completed in 394ms (View: 96, DB: 347) | 200 OK [http://localhost/festivals/new]
  [4;36;1mSQL (0.2ms)[0m   [0;1mSET NAMES 'utf8'[0m
  [4;35;1mSQL (0.1ms)[0m   [0mSET SQL_AUTO_IS_NULL=0[0m


Processing FestivalsController#create (for 127.0.0.1 at 2011-05-06 23:31:01) [POST]
  Parameters: {"commit"=>"Create", "authenticity_token"=>"E2JgGSe0KA7M4F6v+3Uv8MZOzwz1NnK8lNjFDSrCU70=", "festival"=>{"end_date(3i)"=>"6", "start_date(1i)"=>"2011", "name"=>"Edinburgh Festival Fringe", "end_date(4i)"=>"22", "start_date(2i)"=>"5", "end_date(5i)"=>"30", "start_date(3i)"=>"6", "start_date(4i)"=>"22", "start_date(5i)"=>"30", "score"=>"", "end_date(1i)"=>"2011", "end_date(2i)"=>"5"}}
  [4;36;1mFestival Columns (294.0ms)[0m   [0;1mSHOW FIELDS FROM `festivals`[0m
  [4;35;1mSQL (101.4ms)[0m   [0mBEGIN[0m
  [4;36;1mFestival Create (563.5ms)[0m   [0;1mINSERT INTO `festivals` (`name`, `start_date`, `created_at`, `updated_at`, `end_date`, `score`) VALUES('Edinburgh Festival Fringe', '2011-05-06 22:30:00', '2011-05-06 22:31:01', '2011-05-06 22:31:01', '2011-05-06 22:30:00', NULL)[0m
  [4;35;1mSQL (106.4ms)[0m   [0mCOMMIT[0m
Redirected to http://localhost:3000/festivals/1-edinburgh-festival-fringe
Completed in 1077ms (DB: 1065) | 302 Found [http://localhost/festivals]
  [4;36;1mSQL (0.1ms)[0m   [0;1mSET NAMES 'utf8'[0m
  [4;35;1mSQL (0.1ms)[0m   [0mSET SQL_AUTO_IS_NULL=0[0m


Processing FestivalsController#show (for 127.0.0.1 at 2011-05-06 23:31:02) [GET]
  Parameters: {"id"=>"1-edinburgh-festival-fringe"}
  [4;36;1mFestival Columns (114.1ms)[0m   [0;1mSHOW FIELDS FROM `festivals`[0m
  [4;35;1mFestival Load (210.1ms)[0m   [0mSELECT * FROM `festivals` WHERE (`festivals`.`id` = 1) [0m
Rendering template within layouts/festivals
Rendering festivals/show
Completed in 338ms (View: 8, DB: 324) | 200 OK [http://localhost/festivals/1-edinburgh-festival-fringe]
  [4;36;1mSQL (0.1ms)[0m   [0;1mSET NAMES 'utf8'[0m
  [4;35;1mSQL (0.1ms)[0m   [0mSET SQL_AUTO_IS_NULL=0[0m


Processing FestivalsController#index (for 127.0.0.1 at 2011-05-06 23:31:05) [GET]
  [4;36;1mFestival Load (0.3ms)[0m   [0;1mSELECT * FROM `festivals` [0m
Rendering template within layouts/festivals
Rendering festivals/index
  [4;35;1mFestival Columns (2.5ms)[0m   [0mSHOW FIELDS FROM `festivals`[0m
Completed in 15ms (View: 7, DB: 3) | 200 OK [http://localhost/festivals]
  [4;36;1mSQL (0.1ms)[0m   [0;1mSET NAMES 'utf8'[0m
  [4;35;1mSQL (0.1ms)[0m   [0mSET SQL_AUTO_IS_NULL=0[0m


Processing VenuesController#index (for 127.0.0.1 at 2011-05-06 23:31:12) [GET]
  [4;36;1mVenue Load (153.1ms)[0m   [0;1mSELECT * FROM `venues` [0m
Rendering template within layouts/venues
Rendering venues/index
Completed in 353ms (View: 47, DB: 153) | 200 OK [http://localhost/venues]
  [4;35;1mSQL (0.1ms)[0m   [0mSET NAMES 'utf8'[0m
  [4;36;1mSQL (0.4ms)[0m   [0;1mSET SQL_AUTO_IS_NULL=0[0m


Processing VenuesController#new (for 127.0.0.1 at 2011-05-06 23:31:23) [GET]
  [4;35;1mVenue Columns (262.3ms)[0m   [0mSHOW FIELDS FROM `venues`[0m
Rendering template within layouts/venues
Rendering venues/new
Completed in 379ms (View: 111, DB: 263) | 200 OK [http://localhost/venues/new]
  [4;36;1mSQL (0.1ms)[0m   [0;1mSET NAMES 'utf8'[0m
  [4;35;1mSQL (0.1ms)[0m   [0mSET SQL_AUTO_IS_NULL=0[0m


Processing VenuesController#create (for 127.0.0.1 at 2011-05-06 23:31:41) [POST]
  Parameters: {"commit"=>"Create", "authenticity_token"=>"E2JgGSe0KA7M4F6v+3Uv8MZOzwz1NnK8lNjFDSrCU70=", "venue"=>{"address"=>"", "name"=>"Gilded Baloon", "festival_id"=>"1", "score"=>""}}
  [4;36;1mVenue Columns (71.6ms)[0m   [0;1mSHOW FIELDS FROM `venues`[0m
  [4;35;1mSQL (0.1ms)[0m   [0mBEGIN[0m
  [4;36;1mVenue Create (119.8ms)[0m   [0;1mINSERT INTO `venues` (`name`, `address`, `created_at`, `festival_id`, `updated_at`, `score`) VALUES('Gilded Baloon', '', '2011-05-06 22:31:41', 1, '2011-05-06 22:31:41', NULL)[0m
  [4;35;1mSQL (16.1ms)[0m   [0mCOMMIT[0m
Redirected to http://localhost:3000/venues/1-gilded-baloon
Completed in 219ms (DB: 208) | 302 Found [http://localhost/venues]
  [4;36;1mSQL (0.1ms)[0m   [0;1mSET NAMES 'utf8'[0m
  [4;35;1mSQL (0.1ms)[0m   [0mSET SQL_AUTO_IS_NULL=0[0m


Processing VenuesController#show (for 127.0.0.1 at 2011-05-06 23:31:41) [GET]
  Parameters: {"id"=>"1-gilded-baloon"}
  [4;36;1mVenue Columns (21.0ms)[0m   [0;1mSHOW FIELDS FROM `venues`[0m
  [4;35;1mVenue Load (0.3ms)[0m   [0mSELECT * FROM `venues` WHERE (`venues`.`id` = 1) [0m
Rendering template within layouts/venues
Rendering venues/show
Completed in 46ms (View: 19, DB: 21) | 200 OK [http://localhost/venues/1-gilded-baloon]
  [4;36;1mSQL (0.1ms)[0m   [0;1mSET NAMES 'utf8'[0m
  [4;35;1mSQL (0.1ms)[0m   [0mSET SQL_AUTO_IS_NULL=0[0m


Processing VenuesController#index (for 127.0.0.1 at 2011-05-06 23:31:44) [GET]
  [4;36;1mVenue Load (0.4ms)[0m   [0;1mSELECT * FROM `venues` [0m
Rendering template within layouts/venues
Rendering venues/index
  [4;35;1mVenue Columns (2.6ms)[0m   [0mSHOW FIELDS FROM `venues`[0m
Completed in 16ms (View: 7, DB: 3) | 200 OK [http://localhost/venues]
  [4;36;1mSQL (0.2ms)[0m   [0;1mSET NAMES 'utf8'[0m
  [4;35;1mSQL (0.1ms)[0m   [0mSET SQL_AUTO_IS_NULL=0[0m
  [4;36;1mFestival Load (0.3ms)[0m   [0;1mSELECT * FROM `festivals` [0m
  [4;35;1mFestival Columns (40.0ms)[0m   [0mSHOW FIELDS FROM `festivals`[0m
  [4;36;1mVenue Load (0.3ms)[0m   [0;1mSELECT * FROM `venues` [0m
  [4;35;1mVenue Columns (1.7ms)[0m   [0mSHOW FIELDS FROM `venues`[0m
  [4;36;1mFestival Load (0.9ms)[0m   [0;1mSELECT * FROM `festivals` WHERE (`festivals`.`id` = 1) [0m
  [4;35;1mFestival Load (0.4ms)[0m   [0mSELECT * FROM `festivals` WHERE (`festivals`.`id` = 1) [0m
  [4;36;1mFestival Load (0.4ms)[0m   [0;1mSELECT * FROM `festivals` WHERE (`festivals`.`id` = 1) [0m
  [4;35;1mVenue Load (45.4ms)[0m   [0mSELECT * FROM `venues` WHERE (`venues`.festival_id = 1) [0m
